<?xml version="1.0" encoding="UTF-8"?>
<!-- Generated by org.testng.reporters.JUnitReportReporter -->
<testsuite hostname="LAPTOP-S0OMA0NN" failures="0" tests="5" name="com.qa.opencart.tests.ProductsResultPageTest" time="48.958" errors="0" timestamp="2025-04-23T07:20:50 IST" skipped="0">
  <testcase classname="com.qa.opencart.tests.ProductsResultPageTest" name="productInfoTest" time="9.372"/>
  <testcase classname="com.qa.opencart.tests.ProductsResultPageTest" name="productImagesTest" time="7.702"/>
  <testcase classname="com.qa.opencart.tests.ProductsResultPageTest" name="productImagesTest" time="10.704"/>
  <testcase classname="com.qa.opencart.tests.ProductsResultPageTest" name="productImagesTest" time="8.280"/>
  <testcase classname="com.qa.opencart.tests.ProductsResultPageTest" name="productImagesTest" time="12.900"/>
</testsuite> <!-- com.qa.opencart.tests.ProductsResultPageTest -->
