<?xml version="1.0" encoding="UTF-8"?>
<!-- Generated by org.testng.reporters.JUnitReportReporter -->
<testsuite hostname="LAPTOP-S0OMA0NN" failures="0" tests="3" name="com.qa.opencart.tests.RegisterPageTest" time="41.198" errors="0" timestamp="2025-04-21T21:39:41 IST" skipped="0">
  <testcase classname="com.qa.opencart.tests.RegisterPageTest" name="userRegTest" time="11.475"/>
  <testcase classname="com.qa.opencart.tests.RegisterPageTest" name="userRegTest" time="9.751"/>
  <testcase classname="com.qa.opencart.tests.RegisterPageTest" name="userRegTest" time="19.972"/>
</testsuite> <!-- com.qa.opencart.tests.RegisterPageTest -->
