<?xml version="1.0" encoding="UTF-8"?>
<!-- Generated by org.testng.reporters.JUnitReportReporter -->
<testsuite hostname="LAPTOP-S0OMA0NN" failures="0" tests="6" name="com.qa.opencart.tests.AccountPageTest" time="50.152" errors="0" timestamp="2025-04-23T07:20:50 IST" skipped="0">
  <testcase classname="com.qa.opencart.tests.AccountPageTest" name="accPageHeadersCountTest" time="7.321"/>
  <testcase classname="com.qa.opencart.tests.AccountPageTest" name="accPageHeadersTest" time="9.162"/>
  <testcase classname="com.qa.opencart.tests.AccountPageTest" name="isSearchFieldExist" time="8.992"/>
  <testcase classname="com.qa.opencart.tests.AccountPageTest" name="searchTest" time="9.783"/>
  <testcase classname="com.qa.opencart.tests.AccountPageTest" name="accountpageTitleTest" time="8.742"/>
  <testcase classname="com.qa.opencart.tests.AccountPageTest" name="isLogoutLinkExistTest" time="6.152"/>
</testsuite> <!-- com.qa.opencart.tests.AccountPageTest -->
